Determining if the pthread_create exist failed with the following output:
Change Dir: /home/robond/workspace/Udacity/build_my_world/build/CMakeFiles/CMakeTmp

Run Build Command:"/usr/bin/make" "cmTC_fc300/fast"
/usr/bin/make -f CMakeFiles/cmTC_fc300.dir/build.make CMakeFiles/cmTC_fc300.dir/build
make[1]: Entering directory '/home/robond/workspace/Udacity/build_my_world/build/CMakeFiles/CMakeTmp'
Building C object CMakeFiles/cmTC_fc300.dir/CheckSymbolExists.c.o
/usr/bin/cc     -o CMakeFiles/cmTC_fc300.dir/CheckSymbolExists.c.o   -c /home/robond/workspace/Udacity/build_my_world/build/CMakeFiles/CMakeTmp/CheckSymbolExists.c
Linking C executable cmTC_fc300
/usr/bin/cmake -E cmake_link_script CMakeFiles/cmTC_fc300.dir/link.txt --verbose=1
/usr/bin/cc       CMakeFiles/cmTC_fc300.dir/CheckSymbolExists.c.o  -o cmTC_fc300 -rdynamic 
CMakeFiles/cmTC_fc300.dir/CheckSymbolExists.c.o: In function `main':
CheckSymbolExists.c:(.text+0x16): undefined reference to `pthread_create'
collect2: error: ld returned 1 exit status
CMakeFiles/cmTC_fc300.dir/build.make:97: recipe for target 'cmTC_fc300' failed
make[1]: *** [cmTC_fc300] Error 1
make[1]: Leaving directory '/home/robond/workspace/Udacity/build_my_world/build/CMakeFiles/CMakeTmp'
Makefile:126: recipe for target 'cmTC_fc300/fast' failed
make: *** [cmTC_fc300/fast] Error 2

File /home/robond/workspace/Udacity/build_my_world/build/CMakeFiles/CMakeTmp/CheckSymbolExists.c:
/* */
#include <pthread.h>

int main(int argc, char** argv)
{
  (void)argv;
#ifndef pthread_create
  return ((int*)(&pthread_create))[argc];
#else
  (void)argc;
  return 0;
#endif
}

Determining if the function pthread_create exists in the pthreads failed with the following output:
Change Dir: /home/robond/workspace/Udacity/build_my_world/build/CMakeFiles/CMakeTmp

Run Build Command:"/usr/bin/make" "cmTC_4cf39/fast"
/usr/bin/make -f CMakeFiles/cmTC_4cf39.dir/build.make CMakeFiles/cmTC_4cf39.dir/build
make[1]: Entering directory '/home/robond/workspace/Udacity/build_my_world/build/CMakeFiles/CMakeTmp'
Building C object CMakeFiles/cmTC_4cf39.dir/CheckFunctionExists.c.o
/usr/bin/cc    -DCHECK_FUNCTION_EXISTS=pthread_create   -o CMakeFiles/cmTC_4cf39.dir/CheckFunctionExists.c.o   -c /usr/share/cmake-3.5/Modules/CheckFunctionExists.c
Linking C executable cmTC_4cf39
/usr/bin/cmake -E cmake_link_script CMakeFiles/cmTC_4cf39.dir/link.txt --verbose=1
/usr/bin/cc   -DCHECK_FUNCTION_EXISTS=pthread_create    CMakeFiles/cmTC_4cf39.dir/CheckFunctionExists.c.o  -o cmTC_4cf39 -rdynamic -lpthreads 
/usr/bin/ld: cannot find -lpthreads
collect2: error: ld returned 1 exit status
CMakeFiles/cmTC_4cf39.dir/build.make:97: recipe for target 'cmTC_4cf39' failed
make[1]: *** [cmTC_4cf39] Error 1
make[1]: Leaving directory '/home/robond/workspace/Udacity/build_my_world/build/CMakeFiles/CMakeTmp'
Makefile:126: recipe for target 'cmTC_4cf39/fast' failed
make: *** [cmTC_4cf39/fast] Error 2


